11554 [background-preinit] INFO  o.h.validator.internal.util.Version - HV000001: Hibernate Validator 5.3.6.Final
16161 [main] INFO  c.m.b.MdBlockchainApplicationTests - Starting MdBlockchainApplicationTests on ali-186590d315ad.local with PID 21272 (started by halyhuang in /Users/halyhuang/study/md_blockchain)
16163 [main] INFO  c.m.b.MdBlockchainApplicationTests - No active profile set, falling back to default profiles: default
16199 [main] INFO  o.s.w.c.s.GenericWebApplicationContext - Refreshing org.springframework.web.context.support.GenericWebApplicationContext@3feb2dda: startup date [Wed Dec 11 00:10:53 CST 2019]; root of context hierarchy
17900 [main] INFO  o.s.c.s.PostProcessorRegistrationDelegate$BeanPostProcessorChecker - Bean 'org.springframework.transaction.annotation.ProxyTransactionManagementConfiguration' of type [org.springframework.transaction.annotation.ProxyTransactionManagementConfiguration$$EnhancerBySpringCGLIB$$5080af59] is not eligible for getting processed by all BeanPostProcessors (for example: not eligible for auto-proxying)
18362 [main] INFO  o.s.o.j.LocalContainerEntityManagerFactoryBean - Building JPA container EntityManagerFactory for persistence unit 'default'
18383 [main] INFO  o.h.jpa.internal.util.LogHelper - HHH000204: Processing PersistenceUnitInfo [
	name: default
	...]
18486 [main] INFO  org.hibernate.Version - HHH000412: Hibernate Core {5.0.12.Final}
18487 [main] INFO  org.hibernate.cfg.Environment - HHH000206: hibernate.properties not found
18489 [main] INFO  org.hibernate.cfg.Environment - HHH000021: Bytecode provider name : javassist
18543 [main] INFO  o.h.annotations.common.Version - HCANN000001: Hibernate Commons Annotations {5.0.1.Final}
18714 [main] INFO  org.hibernate.dialect.Dialect - HHH000400: Using dialect: com.mindata.blockchain.core.sqlite.config.SQLiteDialect
18725 [main] INFO  org.hibernate.dialect.Dialect - HHH000400: Using dialect: com.mindata.blockchain.core.sqlite.config.SQLiteDialect
18749 [main] INFO  o.h.e.j.e.i.LobCreatorBuilderImpl - HHH000423: Disabling contextual LOB creation as JDBC driver reported JDBC version [2] less than 4
19353 [main] INFO  o.h.tool.hbm2ddl.SchemaUpdate - HHH000228: Running hbm2ddl schema update
19363 [main] INFO  o.h.t.s.e.i.InformationExtractorJdbcDatabaseMetaDataImpl - HHH000262: Table not found: message
19365 [main] INFO  o.h.t.s.e.i.InformationExtractorJdbcDatabaseMetaDataImpl - HHH000262: Table not found: sync
19413 [main] INFO  o.s.o.j.LocalContainerEntityManagerFactoryBean - Initialized JPA EntityManagerFactory for persistence unit 'default'
20396 [main] ERROR c.m.b.socket.client.ClientStarter - 请先启动md_blockchain_manager服务，并配置appId等属性，只有合法联盟链成员才能启动该服务
11297 [background-preinit] INFO  o.h.validator.internal.util.Version - HV000001: Hibernate Validator 5.3.6.Final
16000 [main] INFO  c.m.b.MdBlockchainApplicationTests - Starting MdBlockchainApplicationTests on ali-186590d315ad.local with PID 21279 (started by halyhuang in /Users/halyhuang/study/md_blockchain)
16001 [main] INFO  c.m.b.MdBlockchainApplicationTests - No active profile set, falling back to default profiles: default
16034 [main] INFO  o.s.w.c.s.GenericWebApplicationContext - Refreshing org.springframework.web.context.support.GenericWebApplicationContext@69c81773: startup date [Wed Dec 11 00:11:30 CST 2019]; root of context hierarchy
17445 [main] INFO  o.s.c.s.PostProcessorRegistrationDelegate$BeanPostProcessorChecker - Bean 'org.springframework.transaction.annotation.ProxyTransactionManagementConfiguration' of type [org.springframework.transaction.annotation.ProxyTransactionManagementConfiguration$$EnhancerBySpringCGLIB$$13825865] is not eligible for getting processed by all BeanPostProcessors (for example: not eligible for auto-proxying)
17893 [main] INFO  o.s.o.j.LocalContainerEntityManagerFactoryBean - Building JPA container EntityManagerFactory for persistence unit 'default'
17909 [main] INFO  o.h.jpa.internal.util.LogHelper - HHH000204: Processing PersistenceUnitInfo [
	name: default
	...]
17983 [main] INFO  org.hibernate.Version - HHH000412: Hibernate Core {5.0.12.Final}
17985 [main] INFO  org.hibernate.cfg.Environment - HHH000206: hibernate.properties not found
17987 [main] INFO  org.hibernate.cfg.Environment - HHH000021: Bytecode provider name : javassist
18034 [main] INFO  o.h.annotations.common.Version - HCANN000001: Hibernate Commons Annotations {5.0.1.Final}
18160 [main] INFO  org.hibernate.dialect.Dialect - HHH000400: Using dialect: com.mindata.blockchain.core.sqlite.config.SQLiteDialect
18170 [main] INFO  org.hibernate.dialect.Dialect - HHH000400: Using dialect: com.mindata.blockchain.core.sqlite.config.SQLiteDialect
18202 [main] INFO  o.h.e.j.e.i.LobCreatorBuilderImpl - HHH000423: Disabling contextual LOB creation as JDBC driver reported JDBC version [2] less than 4
18690 [main] INFO  o.h.tool.hbm2ddl.SchemaUpdate - HHH000228: Running hbm2ddl schema update
18748 [main] INFO  o.s.o.j.LocalContainerEntityManagerFactoryBean - Initialized JPA EntityManagerFactory for persistence unit 'default'
19638 [main] ERROR c.m.b.socket.client.ClientStarter - 请先启动md_blockchain_manager服务，并配置appId等属性，只有合法联盟链成员才能启动该服务
